  main.cpp
c:\program files (x86)\microsoft visual studio 14.0\vc\include\cctype(34): error C2039: “isalnum”: 不是“`global namespace'”的成员
c:\program files (x86)\microsoft visual studio 14.0\vc\include\cctype(34): error C2873: “isalnum”: 符号不能用在 using 声明中
c:\program files (x86)\microsoft visual studio 14.0\vc\include\cctype(34): error C2039: “isalpha”: 不是“`global namespace'”的成员
c:\program files (x86)\microsoft visual studio 14.0\vc\include\cctype(34): error C2873: “isalpha”: 符号不能用在 using 声明中
c:\program files (x86)\microsoft visual studio 14.0\vc\include\cctype(34): error C2039: “iscntrl”: 不是“`global namespace'”的成员
c:\program files (x86)\microsoft visual studio 14.0\vc\include\cctype(34): error C2873: “iscntrl”: 符号不能用在 using 声明中
c:\program files (x86)\microsoft visual studio 14.0\vc\include\cctype(35): error C2039: “isdigit”: 不是“`global namespace'”的成员
c:\program files (x86)\microsoft visual studio 14.0\vc\include\cctype(35): error C2873: “isdigit”: 符号不能用在 using 声明中
c:\program files (x86)\microsoft visual studio 14.0\vc\include\cctype(35): error C2039: “isgraph”: 不是“`global namespace'”的成员
c:\program files (x86)\microsoft visual studio 14.0\vc\include\cctype(35): error C2873: “isgraph”: 符号不能用在 using 声明中
c:\program files (x86)\microsoft visual studio 14.0\vc\include\cctype(35): error C2039: “islower”: 不是“`global namespace'”的成员
c:\program files (x86)\microsoft visual studio 14.0\vc\include\cctype(35): error C2873: “islower”: 符号不能用在 using 声明中
c:\program files (x86)\microsoft visual studio 14.0\vc\include\cctype(36): error C2039: “isprint”: 不是“`global namespace'”的成员
c:\program files (x86)\microsoft visual studio 14.0\vc\include\cctype(36): error C2873: “isprint”: 符号不能用在 using 声明中
c:\program files (x86)\microsoft visual studio 14.0\vc\include\cctype(36): error C2039: “ispunct”: 不是“`global namespace'”的成员
c:\program files (x86)\microsoft visual studio 14.0\vc\include\cctype(36): error C2873: “ispunct”: 符号不能用在 using 声明中
c:\program files (x86)\microsoft visual studio 14.0\vc\include\cctype(36): error C2039: “isspace”: 不是“`global namespace'”的成员
c:\program files (x86)\microsoft visual studio 14.0\vc\include\cctype(36): error C2873: “isspace”: 符号不能用在 using 声明中
c:\program files (x86)\microsoft visual studio 14.0\vc\include\cctype(37): error C2039: “isupper”: 不是“`global namespace'”的成员
c:\program files (x86)\microsoft visual studio 14.0\vc\include\cctype(37): error C2873: “isupper”: 符号不能用在 using 声明中
c:\program files (x86)\microsoft visual studio 14.0\vc\include\cctype(37): error C2039: “isxdigit”: 不是“`global namespace'”的成员
c:\program files (x86)\microsoft visual studio 14.0\vc\include\cctype(37): error C2873: “isxdigit”: 符号不能用在 using 声明中
c:\program files (x86)\microsoft visual studio 14.0\vc\include\cctype(37): error C2039: “tolower”: 不是“`global namespace'”的成员
c:\program files (x86)\microsoft visual studio 14.0\vc\include\cctype(37): error C2873: “tolower”: 符号不能用在 using 声明中
c:\program files (x86)\microsoft visual studio 14.0\vc\include\cctype(38): error C2039: “toupper”: 不是“`global namespace'”的成员
c:\program files (x86)\microsoft visual studio 14.0\vc\include\cctype(38): error C2873: “toupper”: 符号不能用在 using 声明中
c:\program files (x86)\microsoft visual studio 14.0\vc\include\cctype(40): error C2039: “isblank”: 不是“`global namespace'”的成员
c:\program files (x86)\microsoft visual studio 14.0\vc\include\cctype(40): error C2873: “isblank”: 符号不能用在 using 声明中
c:\program files (x86)\microsoft visual studio 14.0\vc\include\cwctype(38): error C2039: “wctrans_t”: 不是“`global namespace'”的成员
c:\program files (x86)\microsoft visual studio 14.0\vc\include\cwctype(38): error C2873: “wctrans_t”: 符号不能用在 using 声明中
c:\program files (x86)\microsoft visual studio 14.0\vc\include\cwctype(44): error C2039: “towctrans”: 不是“`global namespace'”的成员
c:\program files (x86)\microsoft visual studio 14.0\vc\include\cwctype(44): error C2873: “towctrans”: 符号不能用在 using 声明中
c:\program files (x86)\microsoft visual studio 14.0\vc\include\cwctype(45): error C2039: “wctrans”: 不是“`global namespace'”的成员
c:\program files (x86)\microsoft visual studio 14.0\vc\include\cwctype(45): error C2873: “wctrans”: 符号不能用在 using 声明中
c:\program files (x86)\microsoft visual studio 14.0\vc\include\cwctype(45): error C2039: “wctype”: 不是“`global namespace'”的成员
c:\program files (x86)\microsoft visual studio 14.0\vc\include\cwctype(45): error C2873: “wctype”: 符号不能用在 using 声明中
c:\users\rockzou\documents\visual studio 2015\projects\nextdream\nextdream\source\core\chardefine.h(122): error C3646: “ConvertCharDigitToInt”: 未知重写说明符
  c:\users\rockzou\documents\visual studio 2015\projects\nextdream\nextdream\source\core\chardefine.h(135): note: 参见对正在编译的类 模板 实例化“BladeEngine::_CharUtil<T>”的引用
c:\users\rockzou\documents\visual studio 2015\projects\nextdream\nextdream\source\core\chardefine.h(122): error C2275: “BladeEngine::_CharUtil<T>::CharType”: 将此类型用作表达式非法
c:\users\rockzou\documents\visual studio 2015\projects\nextdream\nextdream\source\core\chardefine.h(122): error C2146: 语法错误: 缺少“)”(在标识符“Char”的前面)
c:\users\rockzou\documents\visual studio 2015\projects\nextdream\nextdream\source\core\chardefine.h(123): error C2334: “{”的前面有意外标记；跳过明显的函数体
c:\users\rockzou\documents\visual studio 2015\projects\nextdream\nextdream\source\core\chardefine.h(122): error C2275: “BladeEngine::_CharUtil<BladeEngine::TCHAR>::CharType”: 将此类型用作表达式非法
c:\users\rockzou\documents\visual studio 2015\projects\nextdream\nextdream\source\core\chardefine.h(122): error C2275: “BladeEngine::_CharUtil<BladeEngine::ANSICHAR>::CharType”: 将此类型用作表达式非法
c:\users\rockzou\documents\visual studio 2015\projects\nextdream\nextdream\source\core\chardefine.h(159): error C2039: “toupper”: 不是“`global namespace'”的成员
c:\users\rockzou\documents\visual studio 2015\projects\nextdream\nextdream\source\core\chardefine.h(160): error C2039: “tolower”: 不是“`global namespace'”的成员
c:\users\rockzou\documents\visual studio 2015\projects\nextdream\nextdream\source\core\chardefine.h(161): error C2039: “isupper”: 不是“`global namespace'”的成员
c:\users\rockzou\documents\visual studio 2015\projects\nextdream\nextdream\source\core\chardefine.h(162): error C2039: “islower”: 不是“`global namespace'”的成员
c:\users\rockzou\documents\visual studio 2015\projects\nextdream\nextdream\source\core\chardefine.h(163): error C2039: “isalpha”: 不是“`global namespace'”的成员
c:\users\rockzou\documents\visual studio 2015\projects\nextdream\nextdream\source\core\chardefine.h(164): error C2039: “ispunct”: 不是“`global namespace'”的成员
c:\users\rockzou\documents\visual studio 2015\projects\nextdream\nextdream\source\core\chardefine.h(165): error C2039: “isalnum”: 不是“`global namespace'”的成员
c:\users\rockzou\documents\visual studio 2015\projects\nextdream\nextdream\source\core\chardefine.h(166): error C2039: “isdigit”: 不是“`global namespace'”的成员
c:\users\rockzou\documents\visual studio 2015\projects\nextdream\nextdream\source\core\chardefine.h(167): error C2039: “isxdigit”: 不是“`global namespace'”的成员
c:\users\rockzou\documents\visual studio 2015\projects\nextdream\nextdream\source\core\chardefine.h(168): error C2039: “isspace”: 不是“`global namespace'”的成员
c:\users\rockzou\documents\visual studio 2015\projects\nextdream\nextdream\source\core\chardefine.h(171): error C2059: 语法错误:“}”
c:\users\rockzou\documents\visual studio 2015\projects\nextdream\nextdream\source\core\chardefine.h(171): error C2143: 语法错误: 缺少“;”(在“}”的前面)
c:\users\rockzou\documents\visual studio 2015\projects\nextdream\nextdream\source\core\typedefine.h(6): error C2143: 语法错误: 缺少“;”(在“{”的前面)
c:\users\rockzou\documents\visual studio 2015\projects\nextdream\nextdream\source\core\typedefine.h(6): error C2447: “{”: 缺少函数标题(是否是老式的形式表?)
c:\users\rockzou\documents\visual studio 2015\projects\nextdream\nextdream\source\core\typedefine.h(12): error C2988: 不可识别的模板声明/定义
c:\users\rockzou\documents\visual studio 2015\projects\nextdream\nextdream\source\core\typedefine.h(12): error C2143: 语法错误: 缺少“;”(在“<”的前面)
c:\users\rockzou\documents\visual studio 2015\projects\nextdream\nextdream\source\core\typedefine.h(12): error C2059: 语法错误:“<”
c:\users\rockzou\documents\visual studio 2015\projects\nextdream\nextdream\source\core\typedefine.h(13): error C2143: 语法错误: 缺少“;”(在“{”的前面)
c:\users\rockzou\documents\visual studio 2015\projects\nextdream\nextdream\source\core\typedefine.h(13): error C2447: “{”: 缺少函数标题(是否是老式的形式表?)
c:\users\rockzou\documents\visual studio 2015\projects\nextdream\nextdream\source\core\typedefine.h(19): error C2977: “_TypeSelector”: 模板 参数太多
  c:\users\rockzou\documents\visual studio 2015\projects\nextdream\nextdream\source\core\typedefine.h(12): note: 参见“_TypeSelector”的声明
  c:\users\rockzou\documents\visual studio 2015\projects\nextdream\nextdream\source\core\typedefine.h(21): note: 参见对正在编译的类 模板 实例化“_TypeSelectorBySize<T1,T2,Size>”的引用
c:\users\rockzou\documents\visual studio 2015\projects\nextdream\nextdream\source\core\typedefine.h(20): error C2955: “_TypeSelector”: 使用 类 模板 需要 模板 参数列表
  c:\users\rockzou\documents\visual studio 2015\projects\nextdream\nextdream\source\core\typedefine.h(12): note: 参见“_TypeSelector”的声明
c:\users\rockzou\documents\visual studio 2015\projects\nextdream\nextdream\source\core\typedefine.h(47): error C2039: “Type”: 不是“_TypeSelectorBySize<_GenericPlatformTypes::uint32,_GenericPlatformTypes::uint64,4>”的成员
  c:\users\rockzou\documents\visual studio 2015\projects\nextdream\nextdream\source\core\typedefine.h(47): note: 参见“_TypeSelectorBySize<_GenericPlatformTypes::uint32,_GenericPlatformTypes::uint64,4>”的声明
c:\users\rockzou\documents\visual studio 2015\projects\nextdream\nextdream\source\core\typedefine.h(47): error C3646: “UPTRINT”: 未知重写说明符
c:\users\rockzou\documents\visual studio 2015\projects\nextdream\nextdream\source\core\typedefine.h(47): error C4430: 缺少类型说明符 - 假定为 int。注意: C++ 不支持默认 int
c:\users\rockzou\documents\visual studio 2015\projects\nextdream\nextdream\source\core\typedefine.h(48): error C2039: “Type”: 不是“_TypeSelectorBySize<_GenericPlatformTypes::int32,_GenericPlatformTypes::int64,4>”的成员
  c:\users\rockzou\documents\visual studio 2015\projects\nextdream\nextdream\source\core\typedefine.h(48): note: 参见“_TypeSelectorBySize<_GenericPlatformTypes::int32,_GenericPlatformTypes::int64,4>”的声明
c:\users\rockzou\documents\visual studio 2015\projects\nextdream\nextdream\source\core\typedefine.h(49): error C3646: “SIZE_T”: 未知重写说明符
c:\users\rockzou\documents\visual studio 2015\projects\nextdream\nextdream\source\core\typedefine.h(49): error C4430: 缺少类型说明符 - 假定为 int。注意: C++ 不支持默认 int
c:\users\rockzou\documents\visual studio 2015\projects\nextdream\nextdream\source\core\typedefine.h(78): error C2039: “SIZE_T”: 不是“_GenericPlatformTypes”的成员
  c:\users\rockzou\documents\visual studio 2015\projects\nextdream\nextdream\source\core\typedefine.h(24): note: 参见“_GenericPlatformTypes”的声明
c:\users\rockzou\documents\visual studio 2015\projects\nextdream\nextdream\source\core\typedefine.h(78): error C4430: 缺少类型说明符 - 假定为 int。注意: C++ 不支持默认 int
c:\users\rockzou\documents\visual studio 2015\projects\nextdream\nextdream\source\core\typedefine.h(78): error C2146: 语法错误: 缺少“;”(在标识符“SIZE_T”的前面)
c:\users\rockzou\documents\visual studio 2015\projects\nextdream\nextdream\source\core\typedefine.h(78): warning C4091: “”: 没有声明变量时忽略“int”的左侧
c:\users\rockzou\documents\visual studio 2015\projects\nextdream\nextdream\source\core\platforms\stringutil.h(16): error C3861: “strlen”: 找不到标识符
c:\users\rockzou\documents\visual studio 2015\projects\nextdream\nextdream\source\core\platforms\stringutil.h(26): error C3861: “strcpy_s”: 找不到标识符
c:\users\rockzou\documents\visual studio 2015\projects\nextdream\nextdream\source\core\platforms\stringutil.h(36): error C3861: “strncmp”: 找不到标识符
c:\users\rockzou\documents\visual studio 2015\projects\nextdream\nextdream\source\core\utility.h(90): error C4430: 缺少类型说明符 - 假定为 int。注意: C++ 不支持默认 int
  c:\users\rockzou\documents\visual studio 2015\projects\nextdream\nextdream\source\core\utility.h(116): note: 参见对正在编译的类 模板 实例化“BladeEngine::RefCountObject<T>”的引用
c:\users\rockzou\documents\visual studio 2015\projects\nextdream\nextdream\source\core\utility.h(90): error C2143: 语法错误: 缺少“,”(在“&”的前面)
c:\users\rockzou\documents\visual studio 2015\projects\nextdream\nextdream\source\core\memory.h(45): error C2323: “BladeEngine::operator new”: 非成员运算符 new 或 delete 函数不可声明为静态的，也不可在全局命名空间之外的命名空间中进行声明
c:\users\rockzou\documents\visual studio 2015\projects\nextdream\nextdream\source\core\memory.h(50): error C2323: “BladeEngine::operator new[]”: 非成员运算符 new 或 delete 函数不可声明为静态的，也不可在全局命名空间之外的命名空间中进行声明
c:\users\rockzou\documents\visual studio 2015\projects\nextdream\nextdream\source\core\memory.h(55): error C2323: “BladeEngine::operator delete”: 非成员运算符 new 或 delete 函数不可声明为静态的，也不可在全局命名空间之外的命名空间中进行声明
c:\users\rockzou\documents\visual studio 2015\projects\nextdream\nextdream\source\core\memory.h(60): error C2323: “BladeEngine::operator delete[]”: 非成员运算符 new 或 delete 函数不可声明为静态的，也不可在全局命名空间之外的命名空间中进行声明
c:\users\rockzou\documents\visual studio 2015\projects\nextdream\nextdream\source\contains\string.h(70): error C2665: “BladeEngine::StringUtil::Strcpy”: 2 个重载中没有一个可以转换所有参数类型
  c:\users\rockzou\documents\visual studio 2015\projects\nextdream\nextdream\source\core\platforms\stringutil.h(29): note: 可能是“SIZE_T BladeEngine::StringUtil::Strcpy(BladeEngine::WIDECHAR *,SIZE_T,const BladeEngine::WIDECHAR *)”
  c:\users\rockzou\documents\visual studio 2015\projects\nextdream\nextdream\source\core\platforms\stringutil.h(24): note: 或  “SIZE_T BladeEngine::StringUtil::Strcpy(BladeEngine::ANSICHAR *,SIZE_T,const BladeEngine::ANSICHAR *)”
  c:\users\rockzou\documents\visual studio 2015\projects\nextdream\nextdream\source\contains\string.h(70): note: 尝试匹配参数列表“(BladeEngine::TCHAR *, BladeEngine::TCHAR *const , SIZE_T)”时
c:\users\rockzou\documents\visual studio 2015\projects\nextdream\nextdream\source\contains\string.h(82): error C2665: “BladeEngine::StringUtil::Strcpy”: 2 个重载中没有一个可以转换所有参数类型
  c:\users\rockzou\documents\visual studio 2015\projects\nextdream\nextdream\source\core\platforms\stringutil.h(29): note: 可能是“SIZE_T BladeEngine::StringUtil::Strcpy(BladeEngine::WIDECHAR *,SIZE_T,const BladeEngine::WIDECHAR *)”
  c:\users\rockzou\documents\visual studio 2015\projects\nextdream\nextdream\source\core\platforms\stringutil.h(24): note: 或  “SIZE_T BladeEngine::StringUtil::Strcpy(BladeEngine::ANSICHAR *,SIZE_T,const BladeEngine::ANSICHAR *)”
  c:\users\rockzou\documents\visual studio 2015\projects\nextdream\nextdream\source\contains\string.h(82): note: 尝试匹配参数列表“(BladeEngine::TCHAR *, const BladeEngine::TCHAR *, SIZE_T)”时
c:\program files (x86)\microsoft visual studio 14.0\vc\include\cstring(20): error C2039: “strcat”: 不是“`global namespace'”的成员
c:\program files (x86)\microsoft visual studio 14.0\vc\include\cstring(20): error C2873: “strcat”: 符号不能用在 using 声明中
c:\program files (x86)\microsoft visual studio 14.0\vc\include\cstring(20): error C2039: “strcmp”: 不是“`global namespace'”的成员
c:\program files (x86)\microsoft visual studio 14.0\vc\include\cstring(20): error C2873: “strcmp”: 符号不能用在 using 声明中
c:\program files (x86)\microsoft visual studio 14.0\vc\include\cstring(21): error C2039: “strcoll”: 不是“`global namespace'”的成员
c:\program files (x86)\microsoft visual studio 14.0\vc\include\cstring(21): error C2873: “strcoll”: 符号不能用在 using 声明中
c:\program files (x86)\microsoft visual studio 14.0\vc\include\cstring(21): error C2039: “strcpy”: 不是“`global namespace'”的成员
c:\program files (x86)\microsoft visual studio 14.0\vc\include\cstring(21): error C2873: “strcpy”: 符号不能用在 using 声明中
c:\program files (x86)\microsoft visual studio 14.0\vc\include\cstring(21): error C2039: “strcspn”: 不是“`global namespace'”的成员
c:\program files (x86)\microsoft visual studio 14.0\vc\include\cstring(21): error C2873: “strcspn”: 符号不能用在 using 声明中
c:\program files (x86)\microsoft visual studio 14.0\vc\include\cstring(22): error C2039: “strerror”: 不是“`global namespace'”的成员
c:\program files (x86)\microsoft visual studio 14.0\vc\include\cstring(22): error C2873: “strerror”: 符号不能用在 using 声明中
c:\program files (x86)\microsoft visual studio 14.0\vc\include\cstring(22): error C2039: “strlen”: 不是“`global namespace'”的成员
c:\program files (x86)\microsoft visual studio 14.0\vc\include\cstring(22): error C2873: “strlen”: 符号不能用在 using 声明中
c:\program files (x86)\microsoft visual studio 14.0\vc\include\cstring(22): error C2039: “strncat”: 不是“`global namespace'”的成员
c:\program files (x86)\microsoft visual studio 14.0\vc\include\cstring(22): error C2873: “strncat”: 符号不能用在 using 声明中
c:\program files (x86)\microsoft visual studio 14.0\vc\include\cstring(23): error C2039: “strncmp”: 不是“`global namespace'”的成员
c:\program files (x86)\microsoft visual studio 14.0\vc\include\cstring(23): error C2873: “strncmp”: 符号不能用在 using 声明中
c:\program files (x86)\microsoft visual studio 14.0\vc\include\cstring(23): error C2039: “strncpy”: 不是“`global namespace'”的成员
c:\program files (x86)\microsoft visual studio 14.0\vc\include\cstring(23): error C2873: “strncpy”: 符号不能用在 using 声明中
c:\program files (x86)\microsoft visual studio 14.0\vc\include\cstring(23): error C2039: “strpbrk”: 不是“`global namespace'”的成员
c:\program files (x86)\microsoft visual studio 14.0\vc\include\cstring(23): error C2873: “strpbrk”: 符号不能用在 using 声明中
c:\program files (x86)\microsoft visual studio 14.0\vc\include\cstring(23): fatal error C1003: 错误计数超过 100；正在停止编译
